timestamp: 2024-12-13T03:35:08.432993
CREATE TABLE "py4web_session"(
    "id" INTEGER PRIMARY KEY AUTOINCREMENT,
    "rkey" CHAR(512),
    "rvalue" TEXT,
    "expiration" INTEGER,
    "created_on" TIMESTAMP,
    "expires_on" TIMESTAMP
);
success!
timestamp: 2024-12-13T03:35:08.438594
CREATE TABLE "auth_user"(
    "id" INTEGER PRIMARY KEY AUTOINCREMENT,
    "email" CHAR(512) UNIQUE,
    "password" CHAR(512),
    "first_name" CHAR(512),
    "last_name" CHAR(512),
    "sso_id" CHAR(512),
    "action_token" CHAR(512),
    "last_password_change" TIMESTAMP,
    "past_passwords_hash" TEXT
);
success!
timestamp: 2024-12-13T03:35:08.441481
CREATE TABLE "auth_user_tag_groups"(
    "id" INTEGER PRIMARY KEY AUTOINCREMENT,
    "tagpath" CHAR(512),
    "record_id" INTEGER REFERENCES "auth_user" ("id") ON DELETE CASCADE ON UPDATE CASCADE  
);
success!
timestamp: 2024-12-13T03:35:08.449978
CREATE TABLE "species"(
    "id" INTEGER PRIMARY KEY AUTOINCREMENT,
    "common_name" CHAR(512) UNIQUE
);
success!
timestamp: 2024-12-13T03:35:08.454550
CREATE TABLE "checklists"(
    "id" INTEGER PRIMARY KEY AUTOINCREMENT,
    "sampling_event_id" CHAR(512) UNIQUE,
    "latitude" DOUBLE,
    "longitude" DOUBLE,
    "observation_date" DATE,
    "time_started" TIME,
    "observer_id" CHAR(512),
    "duration_minutes" DOUBLE
);
success!
timestamp: 2024-12-13T03:35:08.458429
CREATE TABLE "user_checklists"(
    "id" INTEGER PRIMARY KEY AUTOINCREMENT,
    "user_email" CHAR(512),
    "checklist_id" INTEGER REFERENCES "checklists" ("id") ON DELETE CASCADE ON UPDATE CASCADE  ,
    "species_id" INTEGER REFERENCES "species" ("id") ON DELETE CASCADE ON UPDATE CASCADE  ,
    "observation_count" INTEGER
);
success!
timestamp: 2024-12-13T03:35:08.462041
CREATE TABLE "sightings"(
    "id" INTEGER PRIMARY KEY AUTOINCREMENT,
    "sampling_event_id" INTEGER REFERENCES "checklists" ("id") ON DELETE CASCADE ON UPDATE CASCADE  ,
    "common_name" INTEGER REFERENCES "species" ("id") ON DELETE CASCADE ON UPDATE CASCADE  ,
    "observation_count" INTEGER
);
success!
